# JRE version: OpenJDK Runtime Environment Temurin-21.0.6+7 (21.0.6+7) (build 21.0.6+7-LTS)
# Java VM: OpenJDK 64-Bit Server VM Temurin-21.0.6+7 (21.0.6+7-LTS, mixed mode, emulated-client, sharing, tiered, compressed oops, compressed class ptrs, g1 gc, windows-amd64)
GC Precious Log:
 CardTable entry size: 512
 Card Set container configuration: InlinePtr #cards 4 size 8 Array Of Cards #cards 16 size 48 Howl #buckets 8 coarsen threshold 3686 Howl Bitmap #cards 512 size 80 coarsen threshold 460 Card regions per heap region 1 cards per card region 4096
 CPUs: 8 total, 8 available
 Memory: 16144M
 Large Page Support: Disabled
 NUMA Support: Disabled
 Compressed Oops: Enabled (Zero based)
 Heap Region Size: 2M
 Heap Min Capacity: 8M
 Heap Initial Capacity: 254M
 Heap Max Capacity: 4038M
 Pre-touch: Disabled
 Parallel Workers: 8
 Concurrent Workers: 2
 Concurrent Refinement Workers: 8
 Periodic GC: Disabled
Heap:
 garbage-first heap   total 163840K, used 140522K [0x0000000703a00000, 0x0000000800000000)
  region size 2048K, 38 young (77824K), 2 survivors (4096K)
 Metaspace       used 109411K, committed 111040K, reserved 1179648K
  class space    used 15300K, committed 16000K, reserved 1048576K
GC Heap History (20 events):
Event: 4964.533 GC heap after
{Heap after GC invocations=228 (full 39):
 garbage-first heap   total 163840K, used 60533K [0x0000000703a00000, 0x0000000800000000)
  region size 2048K, 0 young (0K), 0 survivors (0K)
 Metaspace       used 108897K, committed 111296K, reserved 1179648K
  class space    used 15283K, committed 16000K, reserved 1048576K
}
Event: 4966.908 GC heap before
{Heap before GC invocations=228 (full 39):
 garbage-first heap   total 163840K, used 140405K [0x0000000703a00000, 0x0000000800000000)
  region size 2048K, 40 young (81920K), 0 survivors (0K)
 Metaspace       used 109095K, committed 111296K, reserved 1179648K
  class space    used 15309K, committed 16000K, reserved 1048576K
}
Event: 4966.916 GC heap after
{Heap after GC invocations=229 (full 39):
 garbage-first heap   total 163840K, used 67131K [0x0000000703a00000, 0x0000000800000000)
  region size 2048K, 4 young (8192K), 4 survivors (8192K)
 Metaspace       used 109095K, committed 111296K, reserved 1179648K
  class space    used 15309K, committed 16000K, reserved 1048576K
}
Event: 4968.457 GC heap before
{Heap before GC invocations=230 (full 39):
 garbage-first heap   total 163840K, used 138811K [0x0000000703a00000, 0x0000000800000000)
  region size 2048K, 40 young (81920K), 4 survivors (8192K)
 Metaspace       used 109278K, committed 111296K, reserved 1179648K
  class space    used 15282K, committed 16000K, reserved 1048576K
}
Event: 4968.471 GC heap after
{Heap after GC invocations=231 (full 39):
 garbage-first heap   total 163840K, used 71330K [0x0000000703a00000, 0x0000000800000000)
  region size 2048K, 3 young (6144K), 3 survivors (6144K)
 Metaspace       used 109278K, committed 111296K, reserved 1179648K
  class space    used 15282K, committed 16000K, reserved 1048576K
}
Event: 4998.917 GC heap before
{Heap before GC invocations=231 (full 39):
 garbage-first heap   total 163840K, used 143010K [0x0000000703a00000, 0x0000000800000000)
  region size 2048K, 38 young (77824K), 3 survivors (6144K)
 Metaspace       used 109351K, committed 111296K, reserved 1179648K
  class space    used 15296K, committed 16000K, reserved 1048576K
}
Event: 4998.934 GC heap after
{Heap after GC invocations=232 (full 39):
 garbage-first heap   total 163840K, used 72759K [0x0000000703a00000, 0x0000000800000000)
  region size 2048K, 4 young (8192K), 4 survivors (8192K)
 Metaspace       used 109351K, committed 111296K, reserved 1179648K
  class space    used 15296K, committed 16000K, reserved 1048576K
}
Event: 5025.166 GC heap before
{Heap before GC invocations=232 (full 39):
 garbage-first heap   total 163840K, used 97335K [0x0000000703a00000, 0x0000000800000000)
  region size 2048K, 17 young (34816K), 4 survivors (8192K)
 Metaspace       used 109358K, committed 111296K, reserved 1179648K
  class space    used 15297K, committed 16000K, reserved 1048576K
}
Event: 5025.253 GC heap after
{Heap after GC invocations=233 (full 40):
 garbage-first heap   total 163840K, used 52587K [0x0000000703a00000, 0x0000000800000000)
  region size 2048K, 0 young (0K), 0 survivors (0K)
 Metaspace       used 108826K, committed 111168K, reserved 1179648K
  class space    used 15241K, committed 16000K, reserved 1048576K
}
Event: 5026.914 GC heap before
{Heap before GC invocations=233 (full 40):
 garbage-first heap   total 163840K, used 140651K [0x0000000703a00000, 0x0000000800000000)
  region size 2048K, 44 young (90112K), 0 survivors (0K)
 Metaspace       used 109034K, committed 111168K, reserved 1179648K
  class space    used 15268K, committed 16000K, reserved 1048576K
}
Event: 5026.919 GC heap after
{Heap after GC invocations=234 (full 40):
 garbage-first heap   total 163840K, used 59984K [0x0000000703a00000, 0x0000000800000000)
  region size 2048K, 4 young (8192K), 4 survivors (8192K)
 Metaspace       used 109034K, committed 111168K, reserved 1179648K
  class space    used 15268K, committed 16000K, reserved 1048576K
}
Event: 5027.565 GC heap before
{Heap before GC invocations=235 (full 40):
 garbage-first heap   total 163840K, used 141904K [0x0000000703a00000, 0x0000000800000000)
  region size 2048K, 44 young (90112K), 4 survivors (8192K)
 Metaspace       used 109480K, committed 111232K, reserved 1179648K
  class space    used 15308K, committed 16000K, reserved 1048576K
}
Event: 5027.571 GC heap after
{Heap after GC invocations=236 (full 40):
 garbage-first heap   total 163840K, used 63386K [0x0000000703a00000, 0x0000000800000000)
  region size 2048K, 3 young (6144K), 3 survivors (6144K)
 Metaspace       used 109480K, committed 111232K, reserved 1179648K
  class space    used 15308K, committed 16000K, reserved 1048576K
}
Event: 5049.315 GC heap before
{Heap before GC invocations=236 (full 40):
 garbage-first heap   total 163840K, used 106394K [0x0000000703a00000, 0x0000000800000000)
  region size 2048K, 25 young (51200K), 3 survivors (6144K)
 Metaspace       used 109498K, committed 111232K, reserved 1179648K
  class space    used 15309K, committed 16000K, reserved 1048576K
}
Event: 5049.395 GC heap after
{Heap after GC invocations=237 (full 41):
 garbage-first heap   total 163840K, used 57363K [0x0000000703a00000, 0x0000000800000000)
  region size 2048K, 0 young (0K), 0 survivors (0K)
 Metaspace       used 108842K, committed 110848K, reserved 1179648K
  class space    used 15244K, committed 16000K, reserved 1048576K
}
Event: 5051.227 GC heap before
{Heap before GC invocations=237 (full 41):
 garbage-first heap   total 163840K, used 141331K [0x0000000703a00000, 0x0000000800000000)
  region size 2048K, 42 young (86016K), 0 survivors (0K)
 Metaspace       used 109037K, committed 110848K, reserved 1179648K
  class space    used 15270K, committed 16000K, reserved 1048576K
}
Event: 5051.231 GC heap after
{Heap after GC invocations=238 (full 41):
 garbage-first heap   total 163840K, used 63622K [0x0000000703a00000, 0x0000000800000000)
  region size 2048K, 4 young (8192K), 4 survivors (8192K)
 Metaspace       used 109037K, committed 110848K, reserved 1179648K
  class space    used 15270K, committed 16000K, reserved 1048576K
}
Event: 5098.298 GC heap before
{Heap before GC invocations=239 (full 41):
 garbage-first heap   total 163840K, used 141446K [0x0000000703a00000, 0x0000000800000000)
  region size 2048K, 42 young (86016K), 4 survivors (8192K)
 Metaspace       used 109382K, committed 111040K, reserved 1179648K
  class space    used 15297K, committed 16000K, reserved 1048576K
}
Event: 5098.304 GC heap after
{Heap after GC invocations=240 (full 41):
 garbage-first heap   total 163840K, used 66794K [0x0000000703a00000, 0x0000000800000000)
  region size 2048K, 5 young (10240K), 5 survivors (10240K)
 Metaspace       used 109382K, committed 111040K, reserved 1179648K
  class space    used 15297K, committed 16000K, reserved 1048576K
}
Event: 5194.934 GC heap before
{Heap before GC invocations=240 (full 41):
 garbage-first heap   total 163840K, used 140522K [0x0000000703a00000, 0x0000000800000000)
  region size 2048K, 41 young (83968K), 5 survivors (10240K)
 Metaspace       used 109411K, committed 111040K, reserved 1179648K
  class space    used 15300K, committed 16000K, reserved 1048576K
}

